12828118
1318157
521398
4227804
8844702
66095
1136965
3279159
2013320
61083
48706
1001515
736158
734498
1470119
2380838
3389507
1384937
3282177
74776
5425228
1126061
1596927
4219993
916310
1316236
5562337
575147
1599482
2489876
1475451
544663
2386844
123812
357305
947273
6581533
1238761
4337024
3939561
210010
487258
2417080
2891439
4491745
1187250
5272800
1735565
2539844
615888
1695428
434302
530787
3114745
359314
3266067
2553362
86682
4555869
4392803
2845241
4649365
783479
308691
1862909
2903817
866612
4381457
93402
169947
2242211
2787171
1595968
3049459
12229507
461962
3278208
2000889
281417
456813
4234162
1914470
4682286
2411614
430934
298186
65648
374922
1843297
2083107
2198802
1321478
4676962
157659
163371
11361901
3267481
923031
4489676
5132697
6477863
887009
3380210
12435605
344506
264414
763314
1659916
9276539
778748
4336085
2527478
959661
4814150
1875229
1899146
385756
4015278
4203825
1566241
185854
4898838
1400397
1728080
1748581
10426109
1920196
268375
4770943
1116361
6682621
336396
279628
801613
8426765
145414
2720343
888335
1562170
1328725
2773332
4560895
2128958
298140
8404364
2144663
3430352
568282
3575812
2195201
119881
4810153
7175392
3504406
12448527
1016147
28032
551246
4657170
1949314
75123
3507945
680386
7873288
2235398
206368
1413867
49598
527845
603632
2223353
424469
1473229
655483
4848574
2415253
3537128
4783573
406813
5079897
5206533
52204
2319761
7445143
1785659
4211295
101357
501207
1942970
3257163
2714725
3031255
1613140
2434154
1096069
774762
1265957
319724
2642874
9378335
2369305
2417973
609334
4808271
4601906
1274126
61018
2895063
4695079
1800524
620428
6047467
1614570
3323195
1504354
1701804
4561039
1814337
1290453
170334
2876668
6683791
4909845
4151701
3178233
516874
150525
1751474
2708147
7298126
115565
4193961
174544
3886699
727348
2950493
3259533
2020549
590845
8584197
1572219
5669782
11053772
2652171
90306
10430559
5999043
2807362
2081563
5230749
916326
1146999
585989
2141248
2448542
11065668
2418053
765485
419299
3098165
3780521
1442561
3101082
2306044
8932
1257012
2646036
1007214
900369
3149642
890892
257530
3306269
2041345
1577756
2204539
5174833
563004
593541
155683
1108797
4244572
4704837
209940
1567438
548228
3400455
2357636
3258454
2343024
41920
8570170
3310211
7772000
2876230
11421811
348893
6516328
6555579
3273115
2771970
659086
1769879
446119
665549
1752499
647538
1334112
2529896
5025851
936177
3503120
3407597
5624362
3391660
502702
606169
2872263
311717
490607
4121753
4626060
558422
2738085
144982
422731
3887282
1980435
996256
439615
12128271
11347324
856795
2515781
2974581
1848081
7065609
5507023
623740
1895230
3312047
683349
2613090
1235954
713272
3627806
963589
1780821
6419509
1207486
715002
3096311
1885960
338561
2286598
2174985
2255740
3342223
6164258
1274377
6911530
1576434
533583
2991809
3808133
7129216
3485028
1240267
1542802
1081312
3953348
3153681
471888
122637
440020
257342
1634318
169037
