89285
757989
168237
158719
248318
19009
823461
21916
33637
218188
168424
304002
174143
66600
352367
128233
394708
367712
44788
378654
563988
20865
1289706
149877
497258
55796
300095
4805
312302
95027
171354
314412
144091
630868
64436
911578
22229
429265
452704
109794
179331
667990
91306
130361
91167
141937
252291
538501
684001
48538
40039
39744
297679
264935
297681
395180
322558
43469
5171
47697
36942
56714
278252
465353
714523
133875
193160
76512
172043
154210
385348
399627
163383
123320
59379
54711
72361
115745
71260
316296
83821
193214
745098
497780
188560
325472
58375
486085
172080
483746
256582
474307
287576
164803
58178
194010
688976
414705
20086
159158
345023
228628
117269
214956
66384
17781
129126
146818
16814
61540
395218
96239
205229
362437
82170
172028
1298
325681
391493
96715
27308
210804
271830
368010
2957
259052
238020
175840
122999
16157
204287
248947
185292
138699
512370
58532
164983
126130
34368
30893
34399
101311
89057
113003
330633
1008424
880906
279124
119954
172694
443087
114139
167746
2906
138200
153774
138692
180085
182513
740428
506670
83252
93541
155126
248384
456822
186144
114803
494767
9176
110681
836540
64997
79478
177934
566707
32572
1274
926271
254240
75091
164639
18082
79246
62547
211146
7004
30638
71580
339556
58741
20640
49424
64500
172718
338357
29124
66641
21918
112683
38592
483577
150262
359019
40677
247872
74148
128298
31513
145077
145994
130683
289033
10878
221703
55438
165568
678169
38841
13095
158456
191840
20880
41495
105440
22873
45140
265965
177462
159532
50366
347028
84597
163327
84962
541377
241408
26411
1028
460123
10108
219101
22945
135774
70219
41866
64908
7976
88453
109927
84141
137498
505277
349118
1120628
357081
169673
94289
58526
237851
40404
42854
127907
516094
173783
25869
74661
387478
192878
353718
191975
47123
90131
202332
62065
35532
7920
76988
193305
112277
123368
103542
268140
39394
23445
203107
254856
143478
95149
32567
391115
250864
243192
672231
443933
153566
67079
28051
159283
324371
232183
915054
16276
396115
10063
276148
1199235
643395
32493
22286
493119
137598
145546
34735
239416
89623
215010
776
349951
81291
189553
93946
706857
24984
161112
423252
745528
710764
1077987
358823
185970
412593
36165
158523
345125
562539
275139
157198
83458
54640
332584
234973
49755
162472
275669
136367
181861
264541
65443
149405
1063209
1334
219266
440568
91069
40505
258888
218702
160831
117593
138161
158890
81866
264572
243055
234819
6912
60094
7081
166330
92512
378914
108086
489715
369845
91686
29052
545951
40334
16303
69151
140263
344145
31568
75324
56052
413936
12588
276840
265855
187472
686314
179706
138070
576490
272366
25252
929330
84581
200939
187296
254196
59263
827387
225423
51005
255107
241175
700663
16295
39866
301376
498667
544495
43847
393426
488448
591061
323
70246
172385
416056
544943
156056
43935
415829
498214
49526
128896
191968
367609
641279
33829
399860
218529
10762
397013
177862
266842
144066
191484
319941
154425
42151
300109
76799
61399
330802
632605
251150
263228
33165
143554
251355
11729
42020
29549
596643
351320
195915
3749
25855
3338
130512
149483
158797
34041
71502
43031
340564
174635
145627
137756
226416
426788
1867
234686
49582
1334000
389735
39141
74482
20056
206827
25730
228697
95003
323918
103904
208845
7757
2130
92688
287124
42024
25253
36202
280070
116595
483677
350842
37844
97864
20658
840814
90879
35845
9101
461322
329457
522024
158551
1046992
39906
415824
130345
59823
257430
75989
272544
38398
33814
117533
189352
335038
71273
441715
264326
61567
143004
403166
33214
448729
124210
14808
681530
295405
64551
209780
128784
195475
145684
185787
15259
666294
292784
356261
147179
363035
342765
138569
101746
125717
43997
489173
157543
234517
215982
22417
209576
2952
79689
116138
134015
141170
85461
115309
398021
127780
425630
11467
190195
105450
456167
185427
174515
63000
178587
538101
471482
107726
303303
163341
118191
35253
66147
915112
45626
149276
413273
181542
62244
154161
100860
50276
379374
203698
242166
417303
47204
69189
48029
536666
11357
419201
162432
227090
427458
109505
57953
275830
35926
2639
1248216
373339
503721
1041235
197
816400
316325
208031
18595
259036
41720
905544
175719
119663
124155
150874
422062
377050
5042
79176
511856
168639
268837
188950
11436
354274
330285
318466
249950
476442
39052
1014868
112684
102796
565078
455053
49749
10837
151659
282427
105300
375364
87978
293449
91120
107957
275060
150197
36770
166917
104717
116355
252192
316767
371882
46732
38475
689491
250627
105920
740301
307397
92763
51260
160776
151741
144256
558236
72765
153324
200904
594861
39168
423424
142607
153373
400720
261575
155715
1097989
3621
132538
183730
11649
601835
639466
94543
50963
14748
75346
62331
419693
79743
98624
976086
599837
121540
880182
119875
192664
144807
47790
6454
258102
141407
93484
1367614
311013
41283
215533
129693
54892
66662
144338
730986
106521
199521
728751
152859
328805
182669
47806
617692
479192
104426
128766
264538
167944
183645
55547
125894
167405
317721
32541
326058
115751
274194
209906
208263
448830
368752
19599
374039
101815
37107
51559
293629
136395
124129
700155
169996
144224
207857
290096
15025
642640
117978
15991
104952
103311
18763
300543
41068
517576
63985
530682
275441
325014
149403
55650
233512
1226541
99411
424298
23522
487886
95849
115336
53298
319377
65716
160372
424154
204439
271381
240506
205320
526733
521481
15224
321292
458530
6270
46655
11998
147147
384899
415979
320626
527884
152121
94957
3686
57677
246387
257440
50149
52860
65357
108556
7738
168687
286877
37822
29428
376865
113948
121195
386342
527590
82750
17639
605417
406678
74317
29204
236947
74849
142418
152277
6737
122350
77727
200824
223434
287232
149980
100497
130088
113487
146141
111671
26769
96727
352807
515473
362866
61504
426712
108044
62504
150793
274979
375887
85415
271968
12699
213287
27203
585
85564
171860
280003
94534
295483
237343
457295
331840
32336
7681
16498
130978
252385
370258
294895
1062902
13133
580536
7095
1198900
8241
88375
285108
679592
214021
422475
314823
45008
18676
318407
14688
203323
141959
573103
51484
371069
52756
688237
643448
190042
150769
708302
274108
300296
654502
132786
473993
82895
15605
339934
205930
65699
674853
230040
445975
98771
3307
253197
7994
1125
75534
272154
5259
64992
328266
46685
1795
108539
53872
11995
63350
617039
280440
76499
445321
472074
189238
280000
221101
96872
53409
14284
236979
211208
101013
170559
101830
365330
102521
446827
9778
15048
371514
78730
5877
32628
704709
189752
8845
522017
438050
31292
29883
38891
368399
920874
507250
431320
80852
458270
566084
6206
175982
37780
180551
121696
488336
46971
537833
124899
74418
323581
335545
1252196
154384
207440
101993
103763
327052
225574
834506
297344
64985
10926
275793
49
182235
153765
778200
251145
117424
521328
145989
797765
15474
119812
414653
94318
444611
256598
55226
781427
225018
39827
312029
214020
47537
57284
47193
53145
427894
99158
147066
137750
81773
222227
883602
11825
272531
46043
197012
48479
262380
817549
374657
155590
305099
323760
394397
136570
95981
414468
327248
17605
114942
251625
186863
342164
34048
364162
37095
198979
477499
121105
271392
551487
234721
81345
25907
537207
136135
181365
56477
270711
115300
249887
590364
8747
160745
695574
133890
354441
173429
74015
92854
310738
644279
86519
907533
198275
7508
387700
434198
104852
309737
623831
781372
556186
205235
42784
144961
87282
15988
63901
4349
80099
66930
2994
62830
145098
5873
168101
182600
14239
7650
223868
46906
36874
3587
10653
296491
116604
573747
191070
278967
25007
73978
217141
484689
265759
219979
89140
909741
524825
81401
301711
232352
14692
25508
94697
137395
203716
6245
183126
469024
344135
311781
231146
79094
116557
230320
353801
106001
188412
170372
647
688279
320632
157212
16460
326662
309857
145534
336740
170193
200182
26606
135964
27594
46189
270436
243763
281720
32855
112742
40419
32546
238265
1349
350864
195513
97048
4609
217834
133882
66435
725110
435569
148028
180800
668163
223716
341425
135912
64944
102867
5744
555076
6436
57
178090
384347
75328
201989
564281
102793
12381
18463
88920
56030
14130
62577
53396
57195
141287
225625
309726
490654
132267
46154
97464
243517
11350
68448
124151
207861
195191
292298
82420
224666
874946
13888
6849
22654
194978
671811
171355
408530
20444
305728
95464
95475
380545
302799
1023400
688568
43947
108518
470258
9666
8712
270702
120815
132114
162160
361290
493169
138537
142898
743617
68459
523855
48863
74498
67900
176392
315613
92226
106959
169774
181765
75493
86701
207524
161194
30987
131634
40141
76823
14919
405163
82856
95806
26841
4147
167448
384189
245352
33321
228691
141851
44571
132540
28719
461460
173832
153817
293241
38174
33413
459057
127892
84759
680338
107115
364933
776070
42268
89954
537735
209802
576
57149
218654
143189
58904
231829
106921
382747
102652
285180
55957
4790
447831
413594
229415
96407
155562
92840
383141
102168
92058
198082
80108
10533
77679
103863
2055
320490
286645
290981
56453
3624
91110
222397
179133
60376
139913
2712
221787
105360
340482
95657
74410
107730
370203
515008
162046
33057
243949
105648
250696
181838
26613
569299
9142
59652
58040
45455
174626
36062
202167
195476
36434
109406
458218
323849
199536
12573
67837
383946
591089
210308
205475
281901
558267
118066
113453
125190
66640
403258
432850
142963
525572
204414
611729
247974
79192
59950
5298
12580
192246
4720
78743
285492
142578
34859
138677
66478
15838
547358
293935
32743
224150
8868
63603
289504
95018
438692
42434
136329
229377
375060
90500
217608
7078
212892
99075
37013
239437
175858
119984
111471
616511
5953
242422
122903
1225627
2108
759518
43291
80437
319579
179475
166322
343558
467258
269636
295427
60997
414120
557678
127994
150767
166200
520151
76809
104629
755799
206463
220455
87709
73697
111827
82654
200158
2498
137809
68819
59292
200693
104821
10249
138659
129947
522942
244678
523757
15407
670928
44826
328717
363786
196774
588773
45370
127227
857848
299004
193435
608791
204365
199861
168702
100209
574934
323817
122647
730125
264529
197211
75937
118202
137640
89805
1293231
71265
313051
35353
92400
195442
405937
418269
70576
435507
32072
49576
421872
464357
258352
548780
168752
12124
807637
173914
253515
283948
172048
677179
195228
31361
92781
848408
24955
440829
370448
40267
285229
174007
269895
309656
453412
79590
24542
123241
496750
195741
461563
503964
234805
68460
20450
12341
231406
279444
72306
47982
171479
326427
57820
502204
431507
427666
329821
301345
289603
14524
79372
352790
81391
18666
296751
129918
43260
51104
94444
168331
123082
547095
180352
115137
418408
114160
46955
78457
124550
130571
294115
80969
1981
204247
379193
7510
258574
172039
66981
561515
172369
118652
452999
544664
79530
402082
225479
75885
11160
28902
226576
105950
100864
45170
159954
316035
82619
696808
96980
364014
533563
151106
567096
354181
15120
209826
645448
191917
1202692
267672
664852
119093
17963
252939
33564
135682
179714
28040
209676
58615
36822
197970
23268
10260
33736
79856
293006
347482
5383
161296
62852
104450
614517
52692
163237
592858
491621
203325
40468
337942
87840
327746
72929
189686
164939
528832
268944
715835
166781
463038
12363
49307
340110
3131
123702
312302
91055
33255
536665
68140
228554
222703
141740
152454
108318
88440
21562
97262
8211
83147
40480
180136
106943
395214
185504
1107133
223490
154135
313054
255886
278381
44559
11216
15868
80626
542294
40770
271874
39491
344973
34112
6914
43095
116953
251275
55699
245324
14196
469971
80833
186010
49457
73675
135617
185981
546601
213287
79274
3156
87111
35560
241911
480990
123290
87791
55077
143255
143060
5805
31040
588834
1092
70597
776179
35418
265728
52822
28699
107943
21521
25679
1328
31496
108671
7342
211259
16715
153930
41045
54334
46822
385058
215645
55603
37649
1145
13749
79310
627986
316565
56094
829977
282776
64686
236917
144420
91766
34059
24807
185403
92820
168546
26622
49905
771556
384512
514675
201846
313606
37057
76782
102416
79300
35151
14786
210589
992594
233870
392592
240154
903650
77017
1215067
41859
85469
74868
182499
546
120890
154947
798034
128094
33955
71317
158319
61115
355864
161
204029
307169
24192
157970
81253
765025
649103
633985
169722
131266
10301
39501
408867
106213
68531
161177
108092
7879
239434
227148
587045
53633
382135
275157
65437
87843
108677
923
717248
836366
28532
731465
160683
263440
291212
96467
339991
173900
171568
72026
127037
26843
151114
410528
363103
19989
39286
445452
141728
191894
53855
84155
32842
57335
772580
85231
419605
1137008
31498
555790
56225
52948
446514
14837
8685
47395
560562
234113
114715
77781
713289
220252
305700
326453
88267
68758
213601
244636
811008
26872
1005703
189579
47907
342246
187811
725204
188
322047
118429
154482
262620
30732
115984
143978
225240
14967
47701
53708
278940
139928
36513
556288
442629
115411
19332
78977
116496
1581
63070
58815
563264
905205
14780
68858
100766
221890
320592
550810
41894
179363
166317
194777
252718
70803
130237
380263
41313
35734
37988
31485
50929
131735
59716
12599
67861
98580
88631
55194
703044
448819
9140
246386
737591
175966
42033
46418
110952
164534
33781
309245
209538
346491
140556
82467
312965
272291
95368
205694
79588
227639
173402
91911
164864
3034
12668
215948
110932
94431
730007
189978
401669
360178
181978
6692
203911
545302
720741
168422
386769
1113345
49539
50003
4919
40135
32724
78861
102525
242144
28481
28557
103047
149136
1207359
448027
88357
328841
427260
132597
180546
70187
364718
59032
83610
99834
149394
462127
264343
101120
101355
1189096
285414
13285
325925
354749
202975
623876
203339
31954
95823
284346
40374
83684
32940
1052868
256899
5128
92409
74856
514788
276288
313439
328701
702095
58920
386702
410642
1706
464628
40590
46236
118201
61781
131687
199939
340793
229849
72808
94198
258558
116605
195307
1760
367304
102218
12950
24020
537889
45600
103393
260639
85970
434414
15411
277517
14843
415854
181904
270032
33714
242255
199547
292232
229384
146840
18465
62557
325486
112335
554360
92879
149397
526767
503439
445095
98308
373740
232483
174518
19929
15576
163317
214768
109487
729810
73566
207218
233655
75883
135884
31836
441643
11518
40155
278638
293613
6176
495220
57430
402904
84295
831070
133676
430047
147768
110426
324783
146659
242521
37061
413033
311942
145994
50240
152045
201447
188270
549492
136972
162370
5343
674162
213797
171347
177936
80149
438460
451391
298827
83672
243134
20838
89692
405065
4638
176577
51093
29647
440354
348016
292329
400459
202581
435595
393270
74797
665390
133017
179140
145341
248753
54244
108112
3005
35747
25041
686890
709862
409016
78473
771329
288117
42495
24116
65556
148892
229614
189020
69475
537791
7310
388416
122830
38310
46127
172364
294811
218681
18478
357197
47173
31107
229961
30270
208773
244960
36258
89988
85273
328982
306085
278583
402013
158843
124076
193211
169748
39530
172045
344157
37235
123729
88877
141691
60103
143613
99961
17067
15195
163511
212738
35572
396141
46652
170667
84875
170767
606366
405824
34847
65261
21085
689036
286850
299130
104049
126085
30895
527271
218952
293276
58900
148781
152711
206906
19517
551911
5641
63653
251670
434161
209973
124016
127384
485331
5329
64027
98815
349109
412283
145270
147326
19376
190561
562660
91970
98340
30427
129406
98488
413808
95055
500785
140230
351976
260032
6917
21215
91705
100020
50230
24857
430413
126611
478419
288743
6649
40316
524079
13055
171727
250998
92957
26761
387564
431306
42173
267493
304435
122299
332566
251067
413063
106465
277343
782193
130295
19992
59141
45466
20602
110665
48962
82861
450526
221704
116391
384734
16864
67803
70815
573277
287979
521942
17416
263114
543103
288505
164126
722193
28392
521054
361147
30900
37608
31618
30372
502352
497553
38868
364580
25352
109434
243550
335209
156
400618
77182
116569
285248
214250
12263
454744
103109
128742
335527
42818
16022
9
429543
161640
178211
38870
53998
140918
174971
220253
142968
65968
97684
159613
563885
353258
18015
252108
108589
12082
60276
45834
406620
647877
233892
20869
264710
174800
352607
203291
255052
185694
25878
286574
54100
209682
33043
762983
40794
42427
612880
618888
98750
483472
916143
62134
7458
21849
482192
19824
142121
437154
46371
51889
425672
90359
126357
614158
68396
199805
114903
260985
335653
76583
620475
152613
16306
175441
325837
239745
22764
21297
343490
13308
237963
65854
474240
687593
263262
95842
889462
440061
45942
84761
211150
448443
218178
105979
91274
68656
561248
98552
201890
145594
899518
42091
191392
45034
165015
335468
60649
229485
656765
130741
208813
784901
109680
174290
122576
143861
31091
20973
26697
90215
17537
300244
113434
771356
355880
44395
189464
477043
49726
23194
21879
479535
348336
77954
330723
46525
59632
22513
36502
244942
180750
141737
1183970
128416
204109
216617
146287
67105
280093
382134
82722
317534
102150
61281
13603
76415
4209
354771
220590
127858
138552
223054
42571
65195
86735
48784
652
77084
108476
193062
489015
411535
152928
279756
452984
146637
251690
178383
746839
259075
403306
204397
524755
320471
196462
61039
42151
220947
238030
222229
96939
13424
90937
252309
20795
707541
232229
131405
746997
385928
191336
360891
600554
42905
473578
41337
333601
511488
676145
75304
139452
34014
184877
268951
135503
83650
216460
700110
266866
171443
280794
212167
297150
53755
254531
226185
342960
80477
581537
39519
189307
242385
146004
12855
515632
92202
134561
81933
243948
28942
535505
117056
286155
130606
31140
60963
105535
186135
274729
154267
297910
112937
162816
17011
51329
234984
2345
284977
258252
274039
165531
89291
4458
219098
21704
446593
9530
331548
149662
5918
273275
100859
102908
82825
182588
253309
15370
163156
363038
264206
279268
372640
278079
366172
7646
219280
45211
21268
73553
541419
306311
142341
9941
353846
391992
255862
223465
82203
66418
14374
178810
330844
115779
710991
88804
10999
1081728
454380
65136
72586
481944
230747
397781
537361
53303
271277
842674
437489
16898
14678
429746
42065
328430
233056
612206
31862
169619
183999
74972
697564
494394
282564
219539
180790
52692
203415
19
93166
6708
111831
26104
184389
456825
23842
192389
5486
147581
154042
436562
152846
18798
184924
91896
116288
273459
19512
239070
115937
108765
28517
26205
239493
210508
12096
414602
65071
352391
140122
1222867
31687
92441
287878
481497
4753
179859
26364
729
140202
46621
76834
35421
127173
55508
256658
137389
111660
98550
90183
578430
94279
43999
28202
39144
228785
316377
116707
117151
645175
183482
4568
232383
6199
85088
10283
12476
68679
600383
248222
103582
201979
188033
9460
562469
182828
248699
359113
22004
77475
631677
80191
146729
54913
213232
509076
211433
546197
41958
102905
122541
215110
165543
48200
53886
1181862
238248
35750
154796
439666
194219
143567
112092
873894
158123
5471
86761
61622
258346
167804
21051
533614
177434
203387
314525
151398
77101
345173
206129
4509
170885
1169878
29036
613381
35360
214851
63425
314825
86367
55822
573719
373120
95378
278802
62614
387312
204552
119635
59103
68791
380924
52503
50492
121788
221798
126567
115126
65448
5594
57543
478745
35577
20316
644
147618
241436
579972
225358
477266
198144
431436
93167
12569
199133
73160
390463
44274
146343
56414
109365
60751
272270
57474
344949
486625
202907
118070
136479
649550
247342
483729
112874
125408
4458
16613
58996
101183
238940
302498
30599
99009
139904
292701
702787
398140
65476
94077
45815
369219
22626
149609
117039
312425
44076
159093
546235
85996
44612
59805
101906
413028
619641
47177
128343
166732
21387
152321
656699
64616
332038
230716
188970
360299
116514
346802
79498
3280
768636
706650
565553
202182
389499
323641
341042
21453
315469
88991
168585
634571
201301
222308
121194
298113
24827
41147
108233
653628
237989
174324
1502273
77173
20590
271322
109783
578212
496603
165717
293135
75746
415657
121031
194585
1296397
50190
14867
160670
290870
133998
263564
388277
72271
125022
245209
708826
237666
201517
149122
38247
124874
401043
254670
85720
64658
161183
411183
178465
74412
42697
104054
122443
17603
295163
7590
322110
120502
130039
50772
464943
14371
371365
224340
45148
110460
527111
54039
461460
90590
437003
2410
184210
94284
293831
92909
540096
63524
275866
50292
156310
6871
4642
76580
175702
36347
98162
24668
100882
466078
121748
40242
6539
10982
96450
89656
339868
295061
1136675
199718
142536
82604
8966
182719
252762
71366
351181
9644
453252
360795
860384
112921
64163
117627
119054
92853
92086
917549
356480
558622
478292
38816
9061
416027
106418
57763
4303
21738
506306
45284
130128
408224
129559
19900
213125
497922
4972
58758
41483
95289
452767
21510
28014
63714
93131
32841
54639
19045
23503
52856
183490
56287
255423
178918
88720
154770
207810
169946
127037
82157
250601
46696
281844
68347
67321
49705
121729
767695
51816
191429
259652
10365
426823
17896
94635
106825
278003
39292
204408
38889
563423
206831
93468
111195
458006
182644
184438
287416
228663
84503
55211
134895
45083
97693
120014
444593
74329
87661
851469
8678
307104
176902
227012
385808
191564
464874
676651
292211
348167
562583
309742
79474
236876
804833
42695
150157
4122
125705
151677
34216
15069
51269
181313
120643
155395
122425
109588
375664
114616
151480
15026
135661
78982
50023
283279
98765
192029
178830
757011
62475
650002
213179
58064
9143
340255
322889
360953
108006
23520
75699
340541
55300
58617
43526
115501
159187
113595
595858
98313
516410
109161
455800
213929
222852
175963
342435
26461
89209
147399
258185
71353
79791
128358
791879
10688
660
864628
440069
28158
174893
282208
32771
168984
114968
390165
895367
75700
67397
329091
694421
40335
313505
161143
89813
112603
469305
362602
180197
363147
129312
527768
202560
462145
452809
20224
234694
153406
474871
11895
288549
327014
227017
457217
959977
334752
92181
393085
657908
62368
233095
317053
369236
217933
38569
74757
251652
151062
108697
88318
145152
447869
373330
254312
208645
104353
49416
52561
412032
299105
745334
44390
245832
342991
324020
502397
44274
287296
153982
599588
84326
163298
169509
24931
7375
103146
215156
49331
284101
231260
197421
596307
80816
179711
38766
162956
49618
445923
160511
45904
252841
39141
46583
73308
321998
301648
107881
73206
23882
216275
54731
26011
214043
132874
78836
313587
772149
298102
480137
132463
232033
112878
379955
161666
224690
4338
86520
3684
107893
11895
130710
7633
64570
398628
468784
223258
148371
11102
92507
47756
379834
40050
461783
76959
338343
131987
65264
124817
928853
16375
227692
72000
811947
14478
129714
7126
34344
21652
204607
1544
263804
497726
336457
240907
288931
241928
249720
3633
167783
107742
48635
62282
109758
17915
253885
507401
396064
30321
545447
136694
55695
273805
109047
107174
213931
64024
465852
51123
64261
19553
314720
29218
400876
7761
512616
193059
258008
32903
385832
10246
126687
32778
46871
113556
69099
313453
46564
614242
122680
674531
488904
120759
81159
177817
588290
185085
95032
591363
27117
336406
133336
409556
1106
277855
12810
400652
173255
45249
377740
483198
2013
76740
97153
98858
204935
176865
72627
115303
327804
16829
76672
73697
401910
51498
838988
811802
236781
85809
102781
126862
139333
50980
91362
7385
186056
781105
57708
143388
246707
144327
116862
257018
445390
108069
309673
424756
26540
160881
100766
25940
932153
202700
46819
60058
30203
346533
457322
180022
280578
49330
70440
95612
133155
462560
96041
189536
183582
155359
36525
161136
138196
11245
121398
570016
326266
377157
100910
240324
45270
389624
208360
380560
246832
109326
296411
361429
98350
341320
10381
694543
188691
329045
424259
31839
51884
622286
136846
23930
346850
266148
106269
30683
1196962
359923
46987
343292
30824
34313
209862
298470
59308
158176
180239
89409
286344
312070
396229
407836
278765
214100
141513
77807
123698
67513
161216
161173
580024
162521
1172161
16615
49195
83037
251954
81932
94953
27648
120201
641703
166322
450406
435750
524779
47414
155097
68094
232994
724452
131209
22719
244482
4694
699920
120510
195032
85279
405210
3651
53027
415593
272545
326766
363857
38380
366245
553867
25251
236964
29081
136793
165834
224733
117907
280203
395558
39043
44700
2104
176053
333248
50180
129235
346668
522
279044
698139
193969
385584
68171
215997
40979
117272
245264
454903
970675
468135
211517
47199
58292
50292
273459
51279
282964
81266
13074
119917
171770
106841
134091
41091
38726
43651
147697
164919
424536
19514
76245
52332
60041
316587
165409
238856
227289
161832
341747
34882
132399
205739
205396
274464
424754
213851
78084
643208
9515
197628
17351
43511
23064
141712
174266
132846
1052016
114575
139294
245445
8371
119165
235107
34516
122127
592139
294973
295189
18356
325354
269783
37309
43713
7194
228098
67842
67911
48666
55665
32720
44315
22406
85114
1004
22881
28153
315224
70832
693244
372745
59688
369563
585620
523381
324243
41814
39711
52729
103021
246818
674620
614347
52940
5796
35197
189980
92536
118303
2998
252894
151815
198118
64347
5102
286027
92384
10884
45712
401665
244875
193535
6236
805132
251751
142212
166563
376357
401826
41565
160808
203151
247300
947145
125068
159834
535366
27543
145126
20230
201052
185538
335929
5604
535389
246429
19083
89580
366100
431114
284922
256331
697581
136637
329108
23700
43356
3610
239180
474680
593070
12515
161884
58180
9224
183929
36920
6803
262825
140131
221811
154366
196247
82188
198235
207695
68730
177357
56531
185425
214140
31553
484911
8917
40626
210352
696503
996152
297097
177558
445046
196699
496980
179375
138372
564457
17529
160299
132497
81174
189638
78378
221259
179779
49432
183193
362459
80519
121771
219809
316842
827
266087
70722
32438
101176
14959
39332
68136
49996
1074188
380354
38577
277345
134502
237108
20350
80855
83465
142395
40638
270600
362674
216711
73052
270623
91381
746136
403783
259352
122690
6280
147332
132376
1282
124482
215564
287334
492574
264499
66185
120626
375512
346908
58571
449164
196322
537769
113613
300922
113935
14449
108085
60732
294303
499677
43460
541111
60846
88793
49235
60834
252255
178537
1736930
49102
139541
126806
225646
2177816
150067
85612
132277
384784
353681
159236
98957
47040
17339
112208
36379
20186
6644
300296
37444
493767
420737
78095
29729
39508
21568
615208
462973
255013
91755
68560
189780
124642
135888
207343
123284
431332
176540
69870
8806
147598
640798
173073
124463
27072
576106
207489
253456
72074
188876
196497
231620
254159
136965
84873
223408
63306
56161
115425
191775
130999
11807
209680
232324
523282
39783
804982
1548345
365494
91351
388052
1393
29277
117570
655219
66481
94821
249757
64517
203911
297785
25181
136437
198239
35821
231873
297383
148950
473183
74382
237455
1129140
201954
113912
359574
141252
187326
111785
21013
223262
40107
670158
7007
804343
137252
30220
477990
239073
42500
174429
304524
265250
246014
165511
122573
27705
260797
47982
114070
25835
38408
527575
108473
13183
232626
176220
59002
201606
33703
189994
147878
82528
20783
73486
579146
291664
560354
325949
658753
523913
117502
302267
188868
545682
148601
105394
8255
100988
437172
1975
366119
348141
3698
635122
227309
202062
187594
63715
18820
189331
126893
98132
15349
123975
20439
42457
983375
35405
154547
47516
28966
306554
258078
244932
41452
405657
163868
390621
290835
53148
53841
17460
38897
2612
133325
161608
29382
38205
43977
119145
114368
377852
127837
30130
39459
75999
146179
7938
54710
78548
737421
40625
19688
892567
48085
14677
85964
73577
171946
1170689
520209
866641
513758
48827
17721
458990
355482
28588
259372
709103
297377
30832
27405
497123
286462
21130
403399
272437
34966
29130
271952
417932
154595
568909
166799
170421
485221
173408
12501
126978
514221
230887
155251
57721
141905
68708
52151
175441
191724
200475
155444
22893
99267
200235
12346
15626
382740
66699
470619
58137
296513
695356
549524
124533
106610
196555
7921
189305
151161
459371
34315
605396
459081
171328
1257
126689
218241
380018
77286
233498
118618
253403
279679
117614
181435
109284
466948
298461
36419
343785
183587
246647
502320
1026557
616496
9234
191753
10926
402834
47766
92828
87326
144768
58259
95550
152917
62245
13804
72981
44025
162560
438772
20562
9125
11028
253519
43146
202966
344563
148669
26942
212548
34570
188240
349251
244557
174192
999116
330900
605681
7516
68242
147261
13206
238123
96025
271453
56378
17954
44127
546258
174515
176506
178972
17764
444769
17158
39277
466858
106334
156950
97029
25317
392845
141460
134201
4016
426602
456695
388368
345579
510307
445083
292341
34172
3201
228034
866232
237453
12809
297550
89874
147372
241285
125418
434491
327136
36225
404610
57088
43124
158174
6939
71183
24059
193456
56642
36327
97381
75962
389726
647385
218532
20128
59869
6495
247837
429565
186287
82148
57238
215934
308406
213448
86482
10578
401814
120959
45877
207827
19369
8623
220324
265526
750338
103736
512642
79114
19702
1054506
201297
14179
339188
145633
134223
9136
137941
60290
68710
178387
22902
176503
88421
143131
3629
51079
224361
169135
162262
28724
104005
128864
447968
372337
91066
93255
35116
2293746
8399
158722
698967
1478776
585796
90916
311522
234875
188063
159289
5911
90775
130534
3207
510867
465388
334415
519139
19631
15311
132279
315064
147594
119829
32501
40712
429290
445024
88363
34404
7370
470374
78797
5798
501307
68429
460345
97092
1270467
235276
679350
272431
171994
444090
312905
77454
296910
67168
45857
258957
134217
450623
68843
341467
102235
451643
242175
43063
73937
562760
579404
45665
47902
251742
76500
78661
65418
278316
80838
179233
30129
49591
55186
93658
430550
121152
72397
60533
570596
409836
369913
254134
466742
113913
51997
433383
43208
633851
101545
19178
394566
84949
82320
26641
306923
379010
291680
808523
84245
525139
16927
149108
239522
63814
238736
538452
134645
3466
33137
62212
6773
37916
395235
157880
484929
284964
56038
46148
75479
131256
303865
637
285228
147013
675990
54325
131401
39274
48485
225488
351230
226504
22686
129081
411949
235583
482598
78482
234988
13284
331130
234037
247850
481757
557072
54983
502733
546945
64584
378210
55473
46157
10702
142110
173939
359213
69937
312824
105088
68997
383698
143750
110096
441536
34444
79893
347096
648082
55494
84671
30409
397214
1668097
212440
111556
319956
237882
505704
96169
246454
237602
812861
997849
14214
256276
423736
67298
580354
89363
84002
226336
837275
30043
44496
179798
831602
2702
461867
17153
88953
161510
30080
86087
44092
419639
89602
