257202
253195
537840
113706
9251
45049
341801
278883
105788
290921
416868
57514
213874
359845
31684
745782
11627
282641
298280
444997
117987
124437
50011
18125
23873
482250
811346
156428
944362
52676
11680
67671
37879
59810
334967
411951
247948
264022
41197
170389
312159
110478
25783
97389
199017
22918
247573
143952
256030
318880
24480
422563
929890
77888
340306
401602
253033
5379
11805
22121
152974
300354
836166
65892
215991
324133
492382
9810
282034
216326
215312
208284
17463
209928
7218
175407
427229
10011
8649
216303
103137
179951
270176
112003
57704
289725
53311
465664
50975
20997
99968
417400
100324
396600
509135
13370
106438
20180
221081
303518
231905
258249
8550
349448
467754
12805
256878
182841
137735
131383
102594
514257
566646
196130
201011
272906
945567
19171
16011
93827
163376
412209
224680
94655
105945
59262
342974
1363
129591
11276
203313
99264
52250
610121
220125
28321
84166
363193
43988
86498
364515
749199
36297
68976
214332
339532
673334
27679
177021
178239
58460
155874
104183
157582
197663
178475
3495
394332
686564
69574
90460
32267
91239
34617
25916
480476
135999
179960
409857
1186988
343084
814305
540454
520043
40767
265003
5747
90524
530720
208942
279321
196130
79573
14783
80702
890877
26076
110731
348255
392759
785940
295715
322002
31127
283199
710668
17407
476030
259371
98492
131415
260163
217194
31089
176034
137863
969670
1705
140339
104578
133335
47689
1127
584136
548016
305170
48086
58668
486058
895555
310661
234055
209972
429203
374079
1054703
58824
65714
299639
62163
325311
15414
248337
476481
123094
703245
227812
55591
395948
12004
76004
128206
721374
150395
92595
114326
211964
195275
117610
815175
48530
339689
137339
214260
54052
91780
664899
155274
147802
277156
236455
91400
80449
239556
273632
15222
20143
632711
320813
92105
15803
177562
487205
520147
75794
302294
137883
211304
98870
359724
9194
485455
17675
243670
13552
338596
74644
551676
55003
17269
7463
798819
249023
102497
356651
338321
146627
14198
86391
677
198512
4834
320550
29811
90184
447335
466807
161415
31512
261314
971793
129455
77390
57054
35554
358085
274255
287180
231927
189770
289422
112718
37456
59229
238181
824015
603401
39015
2431
45660
5379
65047
47336
218001
823772
125378
255058
77041
353593
155799
48579
31199
122532
245105
156046
388289
103894
6547
362608
242301
24727
13697
215712
8364
178259
199466
393261
10672
141003
415830
654861
20879
175681
102383
40253
406132
106518
124500
36866
105240
176266
1316
126589
189562
435346
313060
125727
195313
1407
22583
81429
109475
57788
100734
15960
233613
4841
114700
205839
214095
93306
957868
115228
142393
37674
45467
27913
690658
284244
121857
191616
378989
392529
351260
18286
354390
693145
211469
61390
13299
329605
22839
73926
84161
125170
46029
341469
240992
74504
288801
19262
17508
73841
218198
125344
244049
709465
1155681
54441
137324
610405
95571
168224
131653
19810
126318
148912
224716
33384
184852
90283
335192
136333
112488
19734
143464
