730
58319
39705
6185
8613
158960
27208
96196
176320
8533
25961
88341
7139
127972
45839
75362
12192
8764
33159
34116
12852
108831
25851
102516
24451
207621
6415
51393
54783
55681
277002
70128
19122
1737
24926
36501
36751
108809
49531
45483
9857
30550
122203
12460
151453
11741
27650
27637
107297
15950
5910
29548
5064
13452
127154
19793
4849
50959
65757
11144
36518
85855
72302
35166
149967
25757
55392
21761
146736
10303
42812
52117
14227
93958
5670
6373
26730
6684
16716
175178
13589
128988
146797
28452
179441
16638
111894
58372
33868
85266
64294
125591
43509
4940
88584
86239
41046
78674
8666
27732
3814
44065
14635
37328
87514
6787
11059
195063
39381
151087
57539
2310
77240
21333
63051
58858
92043
153023
104530
210403
15974
10676
244432
29658
107003
78391
6076
268464
32788
78040
91430
67841
4599
7373
38301
66522
93449
76300
14373
25215
112012
290528
26686
2674
15645
6642
36414
1585
16765
97497
27001
148577
214927
70321
82595
32029
35965
64005
73059
26019
104262
13931
99267
299
41981
1871
42030
37270
24028
132499
28080
216448
23439
19342
1354
85843
4800
6561
43879
30125
25914
9407
22214
51730
52351
20880
25200
10928
115826
36429
27800
795
1072
122077
88218
19677
186123
77021
62115
226721
125957
107967
55914
20406
23290
85353
112461
2478
16482
20045
26642
85211
31933
42564
53764
46799
108381
22253
2721
2997
22199
68242
51363
30521
74549
49476
26908
35159
48129
82827
10027
57731
242024
40523
19889
84016
144511
56216
179546
12307
63526
18899
53127
2250
37655
22901
9263
38479
175877
57662
34355
10788
34357
9007
1667
113657
176071
6468
69520
63027
16628
44317
73574
134466
2846
193980
8810
129137
94467
61997
18006
42418
86543
166160
2878
207423
25119
47141
11668
52713
17082
24313
12565
44554
6528
58009
192585
246642
48406
57495
12256
32040
96735
82434
36948
85564
39832
26242
86382
1201
139624
30950
16509
873
65470
7301
24143
36084
16685
1891
27675
98257
126305
33335
58170
36819
138759
2239
37213
16555
72978
20895
2949
2364
5945
53491
2219
19515
88453
95258
247354
150209
9938
21932
105444
15377
179046
196754
47572
28250
15824
20508
34086
73867
260384
242088
40775
1334
94519
113925
117213
79023
6212
17541
111691
45996
16194
7354
51156
3302
20312
104809
249383
7234
558
22157
32926
567
39032
29964
53328
636
78011
43465
61635
46121
1300
3725
6154
29096
17865
50900
52376
31286
235225
911
288819
246165
24109
80117
7784
86336
3335
100585
42728
16542
24119
164461
77622
16254
162270
160088
75636
89332
2813
100043
35009
36642
14270
36203
17592
110891
1045
7209
4112
44428
3797
80000
85372
63744
139458
3581
108517
124515
32397
31241
34215
1702
122325
66515
11482
66053
116590
65134
145448
166836
27898
22973
30384
44206
122400
15766
86589
253150
119986
55240
24063
99464
9128
169509
93380
6067
113482
141043
7357
60033
96274
84743
28184
9743
43557
58219
25933
33611
69100
53284
47058
19024
57256
223478
67332
16035
58570
4591
41254
7767
6336
113309
10437
54525
26460
88183
71376
9949
66009
115297
43322
19059
89192
147073
78841
1319
31650
32146
107408
111100
71856
32378
179668
7057
414
10821
100869
5156
50642
305161
25597
33128
148456
109739
84141
165806
16002
31499
67901
80658
20678
31055
23883
159194
243220
22110
18287
12009
13678
18904
7095
45497
14319
43550
156004
20043
18694
67344
150666
52328
21733
58131
31611
20319
11948
14881
51869
55568
188461
34320
29757
71655
55408
41924
4718
1199
16532
6857
8376
65970
33436
74676
43844
21703
80268
43579
62819
46827
52841
53454
40787
14793
28370
198145
17695
102295
20179
2884
12941
258513
7854
33902
56934
128090
28492
121601
170597
94362
18600
24436
24147
57989
101182
3369
2949
60172
64584
101988
122803
75413
7661
80825
23335
25371
3890
40828
55439
4761
97250
50390
7645
193782
70913
64373
47207
195738
38393
66695
75857
6572
113474
118034
9731
36008
22332
20171
16830
30678
19017
134338
3023
2074
11831
71681
108979
60185
1403
35293
23646
68045
52007
79969
22511
18916
87988
5810
97669
44889
53805
92136
26814
17430
778
34653
9634
21194
72014
25356
1000
142910
110076
485
71512
11501
58602
44255
64531
92645
85410
3812
30617
10847
30106
19878
48834
268132
4380
24470
10584
18700
117566
6655
107337
254629
66020
62990
84325
28876
21878
220459
9747
58292
192842
1484
98346
2744
54971
15297
131974
76027
101644
2325
59168
19922
6147
25700
164634
28930
193940
3905
109709
12794
46055
18213
75021
94321
90421
14826
30026
51347
23120
73172
82392
70
18766
72942
36705
162397
82926
52863
77027
16204
1570
45358
29583
38738
56399
832
170689
29404
3584
60239
25833
8735
207332
29019
38409
75070
14075
159983
167322
1772
43068
2725
57550
69411
80706
51994
41804
39768
74443
95143
16547
13114
16559
45770
35548
16245
5281
44447
53963
109300
19170
33252
22594
6868
20682
107921
69267
59858
5961
81287
300480
15235
32496
38758
7622
10204
38703
29078
33729
128926
2388
14034
63971
59957
234469
100510
173888
9633
38015
38630
123977
9386
25396
264045
16276
153029
240095
61587
84980
133882
69523
1061
162796
8168
86320
78
33606
15607
74553
135864
22703
156210
24849
46742
96855
18116
42945
45558
10363
78495
6515
150394
63459
17159
66024
8524
33235
18201
16393
12618
149262
113356
36341
209382
81437
29990
30704
5805
19960
58643
97071
67882
45721
35652
172276
8254
3129
71310
26946
37655
78536
20440
41934
61462
59801
43193
9278
128898
21856
49401
46106
71346
73582
67116
238004
40733
46430
34614
40097
83194
82284
12794
74904
85576
35085
142881
15257
22045
66130
23130
51193
30552
171285
8699
24840
124068
12405
12659
156690
264068
95856
10554
8257
70819
29465
83430
7733
102006
31866
20403
127239
76296
22220
98970
2748
4065
14999
49099
81091
20241
18235
38773
32050
186108
33544
8738
65452
5330
22804
15119
7245
166245
135852
92336
8089
20429
113384
32802
245720
149380
38957
45021
37516
1031
84380
42631
9465
54896
61840
76469
7804
53953
17355
37939
197118
14823
48499
36023
8992
33962
2267
68224
8232
110214
134618
35360
28642
16697
109565
29627
19474
7091
26265
178460
59155
48581
47463
97894
44644
26952
6466
20756
88042
239308
7245
26493
5561
34149
6188
5404
162076
39483
84407
60919
22917
9523
135155
44174
4503
797
48662
58339
521
116274
73681
82559
41206
44169
101032
19237
86572
99537
10263
9836
1891
8782
30458
228454
82423
107941
568
97420
12984
23127
60929
56088
104968
149772
10337
17252
51464
64055
145795
26556
75905
155340
119801
45929
26406
51007
39834
40914
62126
34016
2480
60039
87161
42990
56249
31268
4285
129531
107603
41452
12074
46614
144910
58256
54495
25927
44217
18948
5895
28339
56140
116240
2281
44891
14260
2150
2603
187529
35604
85963
33289
54251
57619
4944
55517
22305
77172
157255
100205
18309
41822
14057
8388
12815
37906
45415
159847
19023
3253
69347
73403
517947
24030
417
32146
70194
39556
53967
20747
151674
34301
660
94
3939
74100
80915
76015
21027
31506
63742
153431
441
162505
6713
75732
45506
16218
23945
170152
56635
30806
133663
7476
54440
84814
47077
7520
21882
126566
84203
13360
62777
100391
11805
203745
87137
48231
12577
48276
568
1714
80791
4294
6913
29818
101446
3270
48786
1331
44308
68527
27413
78178
1755
19402
12585
22519
90091
29447
65456
136480
1791
48108
77600
114770
60352
36380
114369
7026
17229
108979
59586
1174
29324
144508
51545
39040
22879
50318
188589
25468
50237
33288
20146
84635
3373
92365
108401
30136
71233
191414
28604
61295
12329
41657
15290
107663
72140
27595
16644
79053
24633
62855
27953
7428
19350
343055
12693
7846
111766
44725
12314
19351
118058
51162
46321
48811
45290
63878
14171
12995
83217
4940
29075
35104
14585
9458
84742
10770
51126
21240
131293
115086
27226
28029
33295
22562
32330
181115
19867
47303
108169
21548
48827
31434
34411
14535
109469
47247
38867
7739
18743
13719
14983
53264
124587
16789
111447
264093
40926
7840
13192
109378
135608
64688
55408
230833
83340
3048
11525
87249
11363
164055
146920
44706
17323
29617
16649
59158
63121
1235
65
7528
4634
19357
10431
225947
20813
844
103728
31808
144923
68845
572
95183
12386
78254
83546
13636
10483
48560
25656
38225
30039
16443
1512
103935
21063
63700
69984
47465
78417
7478
63367
43451
33260
21349
607
104541
11835
13679
1756
74013
12360
27318
47211
14392
121841
8986
24540
3442
712
34438
14555
40351
14582
4070
213898
116155
9872
59650
1736
141361
5348
65349
33545
35967
21374
112747
14461
142957
99786
132768
133132
55472
88002
67885
2103
49090
9889
67893
125323
54716
38358
67049
82469
102001
6743
17164
96680
147120
18014
20116
12555
167714
25166
62870
18574
73277
37333
152086
75756
120807
22798
2373
26295
138617
34113
178075
5650
231898
217087
2360
5757
15291
73200
143088
47011
19691
108630
1574
2570
169906
159245
21510
183660
199759
12563
8182
5919
27573
42170
103671
164034
54125
94844
11773
67666
64168
90586
29868
18507
6927
12786
15269
44036
18847
11991
18175
2391
41598
98168
135503
15408
37737
2514
42103
26144
31535
25866
29868
141667
8010
2285
67811
694
4939
33452
131720
42686
27068
142350
23879
4716
13079
22236
53564
5169
75146
209938
30813
5749
35825
91646
42088
222958
13423
44618
20983
1277
194073
49773
20063
75083
22901
33613
20826
18066
123118
38318
47332
2407
65582
37093
125984
49694
24050
138044
54324
53170
4051
27329
62520
192402
35247
26461
14291
43099
18341
6522
30449
17289
153913
54189
43246
13929
94649
10161
136868
34651
38227
226880
82137
31206
49761
138379
67582
21444
120084
58373
41646
17046
27824
39824
49075
77184
110106
21646
66102
92210
17039
110902
138907
43977
171062
21615
58135
178685
17767
29517
345162
75659
184127
59405
147339
43966
120917
91122
219937
15274
2001
1229
271959
46570
22140
31855
53520
51444
53834
31628
118400
33458
332623
24145
48912
56656
40091
51707
7616
15370
34627
33407
10317
237901
224172
13383
36154
40394
25679
20025
39312
24716
188788
8338
30269
34601
10228
40051
35028
113303
56397
2947
76860
16214
11487
18943
13459
127105
125803
19944
2767
55860
3041
113779
33535
26881
315908
27520
60992
116908
30020
126347
17487
5733
20900
23385
149417
24176
123772
24955
19578
14676
84646
20940
7612
38524
13833
121561
20189
44803
52867
129202
22735
6848
21351
7593
42163
167489
4787
51646
41915
16952
12310
71300
26522
2561
31431
93478
8193
11235
176011
8815
122221
24343
29086
23344
114290
83713
25613
18016
81725
128619
22607
87018
45371
30040
39611
19183
12517
132382
13728
27912
63476
29623
45224
133911
46644
161312
102319
8073
21292
58996
78052
20071
108261
50802
53803
27130
34631
231225
56270
82326
