1个pile代表roll了100000次
29_pile:0
4_roll:101
18_roll:111
12_roll:136
1_pile:0
32_pile:0
20_roll:96
6_pile:0
34_roll:236
26_roll:96
31_pile:0
5_pile:0
15_pile:0
23_pile:0
28_roll:157
25_roll:118
11_roll:101
14_roll:114
5_roll:164
22_roll:153
8_pile:0
2_roll:134
13_pile:0
33_roll:236
30_roll:192
17_roll:115
16_pile:0
_roll:48913
27_pile:0
19_pile:0
24_pile:0
21_pile:0
10_pile:0
26_pile:0
12_pile:0
18_pile:0
1_roll:166
3_pile:0
15_roll:69
9_pile:0
7_roll:123
23_roll:145
31_roll:203
34_pile:0
29_roll:224
8_roll:152
20_pile:0
2_pile:0
30_pile:0
33_pile:0
22_pile:0
11_pile:0
17_pile:0
16_roll:96
19_roll:152
14_pile:0
13_roll:126
6_roll:147
7_pile:0
27_roll:114
4_pile:0
10_roll:130
9_roll:124
21_roll:152
25_pile:0
24_roll:137
28_pile:0
32_roll:247
_pile:0
3_roll:115
=========>结束文件<=========
