8,17:10
15,25:8
8,18:13
15,24:9
15,23:12
8,15:14
8,16:10
7,8:26
15,22:16
7,9:24
15,29:6
15,28:8
8,19:15
15,27:6
15,26:8
8,10:23
15,21:11
8,13:12
15,20:16
8,14:13
8,11:18
8,12:26
26,34:15
26,33:10
26,35:19
26,30:21
26,32:19
26,31:24
8,28:4
8,29:2
15,35:3
15,34:3
8,26:2
15,33:5
8,27:1
8,20:6
8,21:9
15,32:7
8,24:5
15,31:7
8,25:5
15,30:4
8,22:1
8,23:3
6,7:35
14,35:1
6,8:26
14,32:5
6,9:24
14,33:5
8,30:3
14,30:3
14,31:4
8,33:2
9,18:11
9,19:13
9,16:7
9,17:16
15,18:26
15,17:23
15,16:13
9,10:25
9,11:27
9,14:10
9,15:21
9,12:29
9,13:17
26,27:25
26,29:28
26,28:19
15,19:24
5,6:24
5,7:26
9,29:6
5,8:29
5,9:19
9,27:4
9,28:5
14,16:19
14,17:25
14,15:25
9,21:7
25,29:37
9,22:11
9,20:8
9,25:4
9,26:2
9,23:4
9,24:7
25,26:30
25,28:17
25,27:24
14,18:24
14,19:17
14,23:10
14,24:11
14,21:16
14,22:19
14,27:7
14,28:7
14,25:14
14,26:7
9,33:1
9,31:2
14,20:20
25,33:7
25,32:13
25,35:8
25,34:16
14,29:12
4,5:28
25,31:21
4,6:31
25,30:27
4,7:18
4,8:15
13,22:17
13,23:10
4,9:16
13,20:11
13,21:13
13,26:2
13,27:8
13,24:12
13,25:6
24,31:22
24,32:14
24,33:11
24,34:8
24,35:10
13,28:4
13,29:8
24,30:22
13,33:5
13,34:1
13,31:3
13,32:2
13,35:3
13,30:3
3,4:29
3,5:28
3,6:16
3,7:22
3,8:16
3,9:18
18,19:25
18,29:18
18,25:16
18,26:11
18,27:9
18,28:10
18,21:26
18,22:18
18,23:19
18,24:21
18,20:25
29,31:34
29,30:57
2,3:25
2,4:19
2,5:23
2,6:20
29,35:28
29,34:33
2,7:17
29,33:25
2,8:17
29,32:54
2,9:10
17,28:8
17,29:6
17,24:15
17,25:12
17,26:8
17,27:9
17,20:21
17,21:19
17,22:23
17,23:22
28,35:11
28,30:23
28,33:22
28,34:10
28,31:28
28,32:21
17,35:1
17,31:4
1,14:8
17,32:7
1,15:7
1,12:11
17,33:2
1,13:7
17,34:3
1,10:12
1,11:16
17,30:12
1,2:38
1,3:18
1,4:20
1,5:21
1,6:22
1,7:17
1,8:13
1,9:22
16,35:3
16,34:2
1,25:2
1,23:4
1,24:2
16,33:1
1,21:3
16,32:2
1,22:1
16,31:2
16,30:7
1,20:4
1,18:1
1,19:2
1,16:7
1,17:1
17,18:30
17,19:28
28,29:47
16,19:22
16,18:27
16,17:23
2,16:9
2,15:8
2,14:11
2,13:15
2,12:8
2,11:17
2,10:19
27,29:27
27,28:32
16,26:9
16,25:8
16,24:8
16,23:10
16,29:7
16,28:6
16,27:9
2,27:1
2,26:2
16,22:16
2,23:2
16,21:11
2,22:1
16,20:19
2,21:2
2,20:1
27,34:18
27,35:10
2,18:2
2,17:6
27,32:19
27,33:21
27,30:29
27,31:23
21,29:19
21,28:10
10,11:23
21,27:20
10,12:30
21,26:7
10,13:21
21,25:15
2,29:1
2,28:1
21,24:19
10,14:19
10,15:12
21,23:37
21,22:38
10,16:16
10,17:16
10,18:11
10,19:16
10,20:14
10,21:8
10,22:13
10,23:7
10,24:5
32,34:41
3,17:4
3,16:8
32,35:40
3,15:6
3,14:12
32,33:67
3,13:8
3,12:11
3,11:15
3,10:16
21,35:7
10,25:5
21,34:5
10,26:2
21,33:7
10,27:6
21,32:8
10,28:5
21,31:10
10,29:3
21,30:15
3,20:6
20,35:3
3,28:3
3,27:1
3,26:1
3,25:2
3,23:6
3,22:5
3,21:7
3,19:7
3,18:6
20,34:6
20,33:10
20,32:8
20,31:12
20,30:16
3,31:1
3,30:1
3,29:2
4,11:13
4,12:7
4,13:14
4,14:5
19,27:22
4,15:9
19,26:18
4,16:7
19,29:13
4,17:6
4,18:6
19,28:10
31,32:48
19,23:21
19,22:24
19,25:22
31,34:28
31,33:51
19,24:24
19,21:20
19,20:26
4,10:12
31,35:22
4,22:4
4,23:2
4,24:2
20,29:14
20,28:16
4,25:1
20,27:12
4,26:2
20,26:18
20,25:22
4,28:2
20,24:18
4,29:2
19,34:6
19,33:5
19,35:6
19,30:11
19,32:11
4,20:3
19,31:7
4,21:2
20,23:23
4,19:6
20,22:23
20,21:26
18,32:8
18,33:10
18,34:4
18,35:4
4,30:2
18,30:10
18,31:4
5,12:14
5,13:15
5,14:16
5,15:12
5,16:12
5,17:7
5,18:5
5,19:5
30,31:39
30,33:43
30,32:40
5,10:15
5,11:18
30,35:34
30,34:25
5,23:5
12,31:2
5,24:3
12,30:2
12,33:2
5,25:3
5,26:1
12,32:3
5,27:3
12,35:1
5,28:3
12,34:1
5,29:1
5,20:4
5,21:5
5,22:6
13,15:22
13,16:21
13,14:31
24,28:19
24,29:23
24,25:29
24,26:30
24,27:22
13,19:23
13,17:22
13,18:17
6,14:12
6,13:19
6,16:5
6,15:8
12,13:23
6,18:13
6,17:13
12,15:23
12,14:32
6,19:6
23,27:18
23,28:17
23,29:27
6,10:18
6,12:15
6,11:16
23,24:35
23,25:36
23,26:26
12,17:19
12,16:8
12,19:15
12,18:21
12,20:17
6,25:5
6,24:1
12,22:11
6,27:2
12,21:9
6,26:1
12,24:8
6,29:1
12,23:5
6,28:1
12,26:8
12,25:5
34,35:44
6,21:10
6,20:4
6,23:6
6,22:9
23,30:17
23,31:17
23,32:18
23,33:11
23,34:4
23,35:7
12,28:11
12,27:5
12,29:2
11,21:9
11,20:13
11,23:13
11,22:16
11,25:5
11,24:3
6,34:2
11,27:5
11,26:6
22,35:13
11,29:6
22,34:6
22,33:6
11,28:4
22,32:9
22,31:18
22,30:19
7,15:8
11,30:4
7,14:12
7,17:10
11,32:3
7,16:13
11,31:4
7,19:7
11,34:1
7,18:13
11,33:2
7,11:25
7,10:30
7,13:20
7,12:21
7,26:2
7,25:3
7,28:2
10,30:1
7,27:2
10,31:3
10,32:2
8,9:28
7,29:4
10,33:3
10,34:1
10,35:2
33,35:42
7,20:11
33,34:52
7,22:8
7,21:8
7,24:3
7,23:5
11,12:14
22,29:25
22,28:16
22,27:24
11,14:25
11,13:36
22,26:24
7,31:3
22,25:29
11,16:15
22,24:36
11,15:15
22,23:31
11,18:9
11,17:25
11,19:14
